<?xml version="1.0" encoding="UTF-8"?>
<coverage generated="1777690636065" clover="3.2.0">
  <project timestamp="1777690636065" name="All files">
    <metrics statements="25" coveredstatements="25" conditionals="12" coveredconditionals="12" methods="12" coveredmethods="12" elements="49" coveredelements="49" complexity="0" loc="25" ncloc="25" packages="1" files="1" classes="1"/>
    <file name="converter.js" path="/Users/teddy/Documents/deakin-coursework/sit707/7.2HD/app-b-nodejs/src/converter.js">
      <metrics statements="25" coveredstatements="25" conditionals="12" coveredconditionals="12" methods="12" coveredmethods="12"/>
      <line num="8" count="1" type="stmt"/>
      <line num="9" count="1" type="stmt"/>
      <line num="10" count="1" type="stmt"/>
      <line num="11" count="1" type="stmt"/>
      <line num="12" count="1" type="stmt"/>
      <line num="13" count="1" type="stmt"/>
      <line num="16" count="106" type="cond" truecount="6" falsecount="0"/>
      <line num="17" count="7" type="stmt"/>
      <line num="22" count="82" type="stmt"/>
      <line num="23" count="77" type="cond" truecount="2" falsecount="0"/>
      <line num="27" count="14" type="stmt"/>
      <line num="28" count="8" type="stmt"/>
      <line num="31" count="12" type="stmt"/>
      <line num="32" count="8" type="stmt"/>
      <line num="35" count="12" type="stmt"/>
      <line num="36" count="8" type="stmt"/>
      <line num="39" count="12" type="stmt"/>
      <line num="40" count="8" type="stmt"/>
      <line num="45" count="14" type="stmt"/>
      <line num="46" count="12" type="cond" truecount="2" falsecount="0"/>
      <line num="47" count="10" type="stmt"/>
      <line num="51" count="10" type="stmt"/>
      <line num="52" count="10" type="cond" truecount="2" falsecount="0"/>
      <line num="53" count="9" type="stmt"/>
      <line num="56" count="1" type="stmt"/>
    </file>
  </project>
</coverage>
