{"/Users/teddy/Documents/deakin-coursework/sit707/7.2HD/app-b-nodejs/src/converter.js": {"path":"/Users/teddy/Documents/deakin-coursework/sit707/7.2HD/app-b-nodejs/src/converter.js","statementMap":{"0":{"start":{"line":8,"column":23},"end":{"line":8,"column":30}},"1":{"start":{"line":9,"column":23},"end":{"line":9,"column":31}},"2":{"start":{"line":10,"column":23},"end":{"line":10,"column":31}},"3":{"start":{"line":11,"column":23},"end":{"line":11,"column":30}},"4":{"start":{"line":12,"column":23},"end":{"line":12,"column":30}},"5":{"start":{"line":13,"column":23},"end":{"line":13,"column":30}},"6":{"start":{"line":16,"column":2},"end":{"line":18,"column":3}},"7":{"start":{"line":17,"column":4},"end":{"line":17,"column":54}},"8":{"start":{"line":22,"column":2},"end":{"line":22,"column":30}},"9":{"start":{"line":23,"column":2},"end":{"line":23,"column":80}},"10":{"start":{"line":23,"column":17},"end":{"line":23,"column":80}},"11":{"start":{"line":27,"column":33},"end":{"line":27,"column":71}},"12":{"start":{"line":27,"column":77},"end":{"line":27,"column":108}},"13":{"start":{"line":28,"column":33},"end":{"line":28,"column":67}},"14":{"start":{"line":28,"column":78},"end":{"line":28,"column":107}},"15":{"start":{"line":31,"column":33},"end":{"line":31,"column":71}},"16":{"start":{"line":31,"column":78},"end":{"line":31,"column":102}},"17":{"start":{"line":32,"column":33},"end":{"line":32,"column":69}},"18":{"start":{"line":32,"column":78},"end":{"line":32,"column":105}},"19":{"start":{"line":35,"column":33},"end":{"line":35,"column":72}},"20":{"start":{"line":35,"column":78},"end":{"line":35,"column":103}},"21":{"start":{"line":36,"column":33},"end":{"line":36,"column":71}},"22":{"start":{"line":36,"column":78},"end":{"line":36,"column":107}},"23":{"start":{"line":39,"column":33},"end":{"line":39,"column":70}},"24":{"start":{"line":39,"column":78},"end":{"line":39,"column":100}},"25":{"start":{"line":40,"column":33},"end":{"line":40,"column":71}},"26":{"start":{"line":40,"column":78},"end":{"line":40,"column":104}},"27":{"start":{"line":45,"column":2},"end":{"line":45,"column":37}},"28":{"start":{"line":46,"column":2},"end":{"line":46,"column":97}},"29":{"start":{"line":46,"column":28},"end":{"line":46,"column":97}},"30":{"start":{"line":47,"column":2},"end":{"line":47,"column":30}},"31":{"start":{"line":51,"column":2},"end":{"line":51,"column":43}},"32":{"start":{"line":52,"column":2},"end":{"line":52,"column":106}},"33":{"start":{"line":52,"column":31},"end":{"line":52,"column":106}},"34":{"start":{"line":53,"column":2},"end":{"line":53,"column":35}},"35":{"start":{"line":56,"column":0},"end":{"line":62,"column":2}}},"fnMap":{"0":{"name":"validateNumber","decl":{"start":{"line":15,"column":9},"end":{"line":15,"column":23}},"loc":{"start":{"line":15,"column":37},"end":{"line":19,"column":1}},"line":15},"1":{"name":"validateNonNegative","decl":{"start":{"line":21,"column":9},"end":{"line":21,"column":28}},"loc":{"start":{"line":21,"column":42},"end":{"line":24,"column":1}},"line":21},"2":{"name":"metersToFeet","decl":{"start":{"line":27,"column":9},"end":{"line":27,"column":21}},"loc":{"start":{"line":27,"column":31},"end":{"line":27,"column":110}},"line":27},"3":{"name":"feetToMeters","decl":{"start":{"line":28,"column":9},"end":{"line":28,"column":21}},"loc":{"start":{"line":28,"column":31},"end":{"line":28,"column":109}},"line":28},"4":{"name":"kmToMiles","decl":{"start":{"line":31,"column":9},"end":{"line":31,"column":18}},"loc":{"start":{"line":31,"column":31},"end":{"line":31,"column":104}},"line":31},"5":{"name":"milesToKm","decl":{"start":{"line":32,"column":9},"end":{"line":32,"column":18}},"loc":{"start":{"line":32,"column":31},"end":{"line":32,"column":107}},"line":32},"6":{"name":"cmToInches","decl":{"start":{"line":35,"column":9},"end":{"line":35,"column":19}},"loc":{"start":{"line":35,"column":31},"end":{"line":35,"column":105}},"line":35},"7":{"name":"inchesToCm","decl":{"start":{"line":36,"column":9},"end":{"line":36,"column":19}},"loc":{"start":{"line":36,"column":31},"end":{"line":36,"column":109}},"line":36},"8":{"name":"kgToPounds","decl":{"start":{"line":39,"column":9},"end":{"line":39,"column":19}},"loc":{"start":{"line":39,"column":31},"end":{"line":39,"column":102}},"line":39},"9":{"name":"poundsToKg","decl":{"start":{"line":40,"column":9},"end":{"line":40,"column":19}},"loc":{"start":{"line":40,"column":31},"end":{"line":40,"column":106}},"line":40},"10":{"name":"celsiusToFahrenheit","decl":{"start":{"line":44,"column":9},"end":{"line":44,"column":28}},"loc":{"start":{"line":44,"column":38},"end":{"line":48,"column":1}},"line":44},"11":{"name":"fahrenheitToCelsius","decl":{"start":{"line":50,"column":9},"end":{"line":50,"column":28}},"loc":{"start":{"line":50,"column":41},"end":{"line":54,"column":1}},"line":50}},"branchMap":{"0":{"loc":{"start":{"line":16,"column":2},"end":{"line":18,"column":3}},"type":"if","locations":[{"start":{"line":16,"column":2},"end":{"line":18,"column":3}},{"start":{},"end":{}}],"line":16},"1":{"loc":{"start":{"line":16,"column":6},"end":{"line":16,"column":88}},"type":"binary-expr","locations":[{"start":{"line":16,"column":6},"end":{"line":16,"column":20}},{"start":{"line":16,"column":24},"end":{"line":16,"column":43}},{"start":{"line":16,"column":47},"end":{"line":16,"column":72}},{"start":{"line":16,"column":76},"end":{"line":16,"column":88}}],"line":16},"2":{"loc":{"start":{"line":23,"column":2},"end":{"line":23,"column":80}},"type":"if","locations":[{"start":{"line":23,"column":2},"end":{"line":23,"column":80}},{"start":{},"end":{}}],"line":23},"3":{"loc":{"start":{"line":46,"column":2},"end":{"line":46,"column":97}},"type":"if","locations":[{"start":{"line":46,"column":2},"end":{"line":46,"column":97}},{"start":{},"end":{}}],"line":46},"4":{"loc":{"start":{"line":52,"column":2},"end":{"line":52,"column":106}},"type":"if","locations":[{"start":{"line":52,"column":2},"end":{"line":52,"column":106}},{"start":{},"end":{}}],"line":52}},"s":{"0":1,"1":1,"2":1,"3":1,"4":1,"5":1,"6":106,"7":7,"8":82,"9":77,"10":12,"11":14,"12":10,"13":8,"14":7,"15":12,"16":9,"17":8,"18":7,"19":12,"20":9,"21":8,"22":7,"23":12,"24":9,"25":8,"26":7,"27":14,"28":12,"29":2,"30":10,"31":10,"32":10,"33":1,"34":9,"35":1},"f":{"0":106,"1":82,"2":14,"3":8,"4":12,"5":8,"6":12,"7":8,"8":12,"9":8,"10":14,"11":10},"b":{"0":[7,99],"1":[106,101,101,99],"2":[12,65],"3":[2,10],"4":[1,9]},"_coverageSchema":"1a1c01bbd47fc00a2c39e90264f33305004495a9","hash":"26930c3e7f740a3616313c10728e8a0dffb78a41"}
}
