TN:
SF:src/converter.js
FN:15,validateNumber
FN:21,validateNonNegative
FN:27,metersToFeet
FN:28,feetToMeters
FN:31,kmToMiles
FN:32,milesToKm
FN:35,cmToInches
FN:36,inchesToCm
FN:39,kgToPounds
FN:40,poundsToKg
FN:44,celsiusToFahrenheit
FN:50,fahrenheitToCelsius
FNF:12
FNH:12
FNDA:106,validateNumber
FNDA:82,validateNonNegative
FNDA:14,metersToFeet
FNDA:8,feetToMeters
FNDA:12,kmToMiles
FNDA:8,milesToKm
FNDA:12,cmToInches
FNDA:8,inchesToCm
FNDA:12,kgToPounds
FNDA:8,poundsToKg
FNDA:14,celsiusToFahrenheit
FNDA:10,fahrenheitToCelsius
DA:8,1
DA:9,1
DA:10,1
DA:11,1
DA:12,1
DA:13,1
DA:16,106
DA:17,7
DA:22,82
DA:23,77
DA:27,14
DA:28,8
DA:31,12
DA:32,8
DA:35,12
DA:36,8
DA:39,12
DA:40,8
DA:45,14
DA:46,12
DA:47,10
DA:51,10
DA:52,10
DA:53,9
DA:56,1
LF:25
LH:25
BRDA:16,0,0,7
BRDA:16,0,1,99
BRDA:16,1,0,106
BRDA:16,1,1,101
BRDA:16,1,2,101
BRDA:16,1,3,99
BRDA:23,2,0,12
BRDA:23,2,1,65
BRDA:46,3,0,2
BRDA:46,3,1,10
BRDA:52,4,0,1
BRDA:52,4,1,9
BRF:12
BRH:12
end_of_record
